# JRE version: OpenJDK Runtime Environment (8.0_312-b07) (build 1.8.0_312-b07)
# Java VM: OpenJDK 64-Bit Server VM (25.312-b07 mixed mode bsd-amd64 compressed oops)
Heap:
 PSYoungGen      total 1254912K, used 300853K [0x000000076ab00000, 0x00000007bce00000, 0x00000007c0000000)
  eden space 1216512K, 21% used [0x000000076ab00000,0x000000077ab82fb8,0x00000007b4f00000)
  from space 38400K, 99% used [0x00000007b8600000,0x00000007bab4a800,0x00000007bab80000)
  to   space 35328K, 0% used [0x00000007bab80000,0x00000007bab80000,0x00000007bce00000)
 ParOldGen       total 231424K, used 129181K [0x00000006c0000000, 0x00000006ce200000, 0x000000076ab00000)
  object space 231424K, 55% used [0x00000006c0000000,0x00000006c7e27758,0x00000006ce200000)
 Metaspace       used 60412K, capacity 62389K, committed 62536K, reserved 1101824K
  class space    used 8919K, capacity 9318K, committed 9340K, reserved 1048576K
GC Heap History (10 events):
Event: 68.835 GC heap before
{Heap before GC invocations=24 (full 3):
 PSYoungGen      total 1350656K, used 1312992K [0x000000076ab00000, 0x00000007bfc00000, 0x00000007c0000000)
  eden space 1312768K, 100% used [0x000000076ab00000,0x00000007bad00000,0x00000007bad00000)
  from space 37888K, 0% used [0x00000007bd700000,0x00000007bd738000,0x00000007bfc00000)
  to   space 40448K, 0% used [0x00000007bad00000,0x00000007bad00000,0x00000007bd480000)
 ParOldGen       total 231424K, used 129156K [0x00000006c0000000, 0x00000006ce200000, 0x000000076ab00000)
  object space 231424K, 55% used [0x00000006c0000000,0x00000006c7e21278,0x00000006ce200000)
 Metaspace       used 60372K, capacity 62325K, committed 62536K, reserved 1101824K
  class space    used 8915K, capacity 9318K, committed 9340K, reserved 1048576K
Event: 68.866 GC heap after
Heap after GC invocations=24 (full 3):
 PSYoungGen      total 1351168K, used 38218K [0x000000076ab00000, 0x00000007c0000000, 0x00000007c0000000)
  eden space 1312768K, 0% used [0x000000076ab00000,0x000000076ab00000,0x00000007bad00000)
  from space 38400K, 99% used [0x00000007bad00000,0x00000007bd252810,0x00000007bd280000)
  to   space 46592K, 0% used [0x00000007bd280000,0x00000007bd280000,0x00000007c0000000)
 ParOldGen       total 231424K, used 129156K [0x00000006c0000000, 0x00000006ce200000, 0x000000076ab00000)
  object space 231424K, 55% used [0x00000006c0000000,0x00000006c7e21278,0x00000006ce200000)
 Metaspace       used 60372K, capacity 62325K, committed 62536K, reserved 1101824K
  class space    used 8915K, capacity 9318K, committed 9340K, reserved 1048576K
}
Event: 83.653 GC heap before
{Heap before GC invocations=25 (full 3):
 PSYoungGen      total 1351168K, used 1350986K [0x000000076ab00000, 0x00000007c0000000, 0x00000007c0000000)
  eden space 1312768K, 100% used [0x000000076ab00000,0x00000007bad00000,0x00000007bad00000)
  from space 38400K, 99% used [0x00000007bad00000,0x00000007bd252810,0x00000007bd280000)
  to   space 46592K, 0% used [0x00000007bd280000,0x00000007bd280000,0x00000007c0000000)
 ParOldGen       total 231424K, used 129162K [0x00000006c0000000, 0x00000006ce200000, 0x000000076ab00000)
  object space 231424K, 55% used [0x00000006c0000000,0x00000006c7e22a98,0x00000006ce200000)
 Metaspace       used 60387K, capacity 62389K, committed 62536K, reserved 1101824K
  class space    used 8915K, capacity 9318K, committed 9340K, reserved 1048576K
Event: 83.667 GC heap after
Heap after GC invocations=25 (full 3):
 PSYoungGen      total 1335808K, used 38121K [0x000000076ab00000, 0x00000007c0000000, 0x00000007c0000000)
  eden space 1289216K, 0% used [0x000000076ab00000,0x000000076ab00000,0x00000007b9600000)
  from space 46592K, 81% used [0x00000007bd280000,0x00000007bf7ba7f0,0x00000007c0000000)
  to   space 54272K, 0% used [0x00000007b9600000,0x00000007b9600000,0x00000007bcb00000)
 ParOldGen       total 231424K, used 129162K [0x00000006c0000000, 0x00000006ce200000, 0x000000076ab00000)
  object space 231424K, 55% used [0x00000006c0000000,0x00000006c7e22a98,0x00000006ce200000)
 Metaspace       used 60387K, capacity 62389K, committed 62536K, reserved 1101824K
  class space    used 8915K, capacity 9318K, committed 9340K, reserved 1048576K
}
Event: 94.792 GC heap before
{Heap before GC invocations=26 (full 3):
 PSYoungGen      total 1335808K, used 1327337K [0x000000076ab00000, 0x00000007c0000000, 0x00000007c0000000)
  eden space 1289216K, 100% used [0x000000076ab00000,0x00000007b9600000,0x00000007b9600000)
  from space 46592K, 81% used [0x00000007bd280000,0x00000007bf7ba7f0,0x00000007c0000000)
  to   space 54272K, 0% used [0x00000007b9600000,0x00000007b9600000,0x00000007bcb00000)
 ParOldGen       total 231424K, used 129173K [0x00000006c0000000, 0x00000006ce200000, 0x000000076ab00000)
  object space 231424K, 55% used [0x00000006c0000000,0x00000006c7e25758,0x00000006ce200000)
 Metaspace       used 60390K, capacity 62389K, committed 62536K, reserved 1101824K
  class space    used 8915K, capacity 9318K, committed 9340K, reserved 1048576K
Event: 94.798 GC heap after
Heap after GC invocations=26 (full 3):
 PSYoungGen      total 1327616K, used 38162K [0x000000076ab00000, 0x00000007c0000000, 0x00000007c0000000)
  eden space 1289216K, 0% used [0x000000076ab00000,0x000000076ab00000,0x00000007b9600000)
  from space 38400K, 99% used [0x00000007b9600000,0x00000007bbb44918,0x00000007bbb80000)
  to   space 58880K, 0% used [0x00000007bc680000,0x00000007bc680000,0x00000007c0000000)
 ParOldGen       total 231424K, used 129173K [0x00000006c0000000, 0x00000006ce200000, 0x000000076ab00000)
  object space 231424K, 55% used [0x00000006c0000000,0x00000006c7e25758,0x00000006ce200000)
 Metaspace       used 60390K, capacity 62389K, committed 62536K, reserved 1101824K
  class space    used 8915K, capacity 9318K, committed 9340K, reserved 1048576K
}
Event: 108.886 GC heap before
{Heap before GC invocations=27 (full 3):
 PSYoungGen      total 1327616K, used 1327378K [0x000000076ab00000, 0x00000007c0000000, 0x00000007c0000000)
  eden space 1289216K, 100% used [0x000000076ab00000,0x00000007b9600000,0x00000007b9600000)
  from space 38400K, 99% used [0x00000007b9600000,0x00000007bbb44918,0x00000007bbb80000)
  to   space 58880K, 0% used [0x00000007bc680000,0x00000007bc680000,0x00000007c0000000)
 ParOldGen       total 231424K, used 129173K [0x00000006c0000000, 0x00000006ce200000, 0x000000076ab00000)
  object space 231424K, 55% used [0x00000006c0000000,0x00000006c7e25758,0x00000006ce200000)
 Metaspace       used 60390K, capacity 62389K, committed 62536K, reserved 1101824K
  class space    used 8915K, capacity 9318K, committed 9340K, reserved 1048576K
Event: 108.893 GC heap after
Heap after GC invocations=27 (full 3):
 PSYoungGen      total 1331712K, used 38153K [0x000000076ab00000, 0x00000007c0000000, 0x00000007c0000000)
  eden space 1272832K, 0% used [0x000000076ab00000,0x000000076ab00000,0x00000007b8600000)
  from space 58880K, 64% used [0x00000007bc680000,0x00000007bebc27f0,0x00000007c0000000)
  to   space 62464K, 0% used [0x00000007b8600000,0x00000007b8600000,0x00000007bc300000)
 ParOldGen       total 231424K, used 129181K [0x00000006c0000000, 0x00000006ce200000, 0x000000076ab00000)
  object space 231424K, 55% used [0x00000006c0000000,0x00000006c7e27758,0x00000006ce200000)
 Metaspace       used 60390K, capacity 62389K, committed 62536K, reserved 1101824K
  class space    used 8915K, capacity 9318K, committed 9340K, reserved 1048576K
}
Event: 126.088 GC heap before
{Heap before GC invocations=28 (full 3):
 PSYoungGen      total 1331712K, used 1310985K [0x000000076ab00000, 0x00000007c0000000, 0x00000007c0000000)
  eden space 1272832K, 100% used [0x000000076ab00000,0x00000007b8600000,0x00000007b8600000)
  from space 58880K, 64% used [0x00000007bc680000,0x00000007bebc27f0,0x00000007c0000000)
  to   space 62464K, 0% used [0x00000007b8600000,0x00000007b8600000,0x00000007bc300000)
 ParOldGen       total 231424K, used 129181K [0x00000006c0000000, 0x00000006ce200000, 0x000000076ab00000)
  object space 231424K, 55% used [0x00000006c0000000,0x00000006c7e27758,0x00000006ce200000)
 Metaspace       used 60409K, capacity 62389K, committed 62536K, reserved 1101824K
  class space    used 8918K, capacity 9318K, committed 9340K, reserved 1048576K
Event: 126.104 GC heap after
Heap after GC invocations=28 (full 3):
 PSYoungGen      total 1254912K, used 38186K [0x000000076ab00000, 0x00000007bce00000, 0x00000007c0000000)
  eden space 1216512K, 0% used [0x000000076ab00000,0x000000076ab00000,0x00000007b4f00000)
  from space 38400K, 99% used [0x00000007b8600000,0x00000007bab4a800,0x00000007bab80000)
  to   space 35328K, 0% used [0x00000007bab80000,0x00000007bab80000,0x00000007bce00000)
 ParOldGen       total 231424K, used 129181K [0x00000006c0000000, 0x00000006ce200000, 0x000000076ab00000)
  object space 231424K, 55% used [0x00000006c0000000,0x00000006c7e27758,0x00000006ce200000)
 Metaspace       used 60409K, capacity 62389K, committed 62536K, reserved 1101824K
  class space    used 8918K, capacity 9318K, committed 9340K, reserved 1048576K
}

