# JRE version: OpenJDK Runtime Environment (8.0_312-b07) (build 1.8.0_312-b07)
# Java VM: OpenJDK 64-Bit Server VM (25.312-b07 mixed mode bsd-amd64 compressed oops)
Heap:
 PSYoungGen      total 850944K, used 255707K [0x000000076ab00000, 0x00000007a5700000, 0x00000007c0000000)
  eden space 759808K, 28% used [0x000000076ab00000,0x0000000777da0af8,0x0000000799100000)
  from space 91136K, 43% used [0x000000079f380000,0x00000007a1a962d8,0x00000007a4c80000)
  to   space 100864K, 0% used [0x0000000799100000,0x0000000799100000,0x000000079f380000)
 ParOldGen       total 473600K, used 207525K [0x00000006c0000000, 0x00000006dce80000, 0x000000076ab00000)
  object space 473600K, 43% used [0x00000006c0000000,0x00000006ccaa96b0,0x00000006dce80000)
 Metaspace       used 90692K, capacity 93454K, committed 93656K, reserved 1128448K
  class space    used 13525K, capacity 14014K, committed 14080K, reserved 1048576K
GC Heap History (10 events):
Event: 14.804 GC heap before
{Heap before GC invocations=14 (full 3):
 PSYoungGen      total 553472K, used 519168K [0x000000076ab00000, 0x0000000792080000, 0x00000007c0000000)
  eden space 519168K, 100% used [0x000000076ab00000,0x000000078a600000,0x000000078a600000)
  from space 34304K, 0% used [0x000000078c680000,0x000000078c680000,0x000000078e800000)
  to   space 33280K, 0% used [0x000000078a600000,0x000000078a600000,0x000000078c680000)
 ParOldGen       total 207872K, used 35475K [0x00000006c0000000, 0x00000006ccb00000, 0x000000076ab00000)
  object space 207872K, 17% used [0x00000006c0000000,0x00000006c22a4c80,0x00000006ccb00000)
 Metaspace       used 75579K, capacity 77956K, committed 78296K, reserved 1116160K
  class space    used 12022K, capacity 12445K, committed 12544K, reserved 1048576K
Event: 14.825 GC heap after
Heap after GC invocations=14 (full 3):
 PSYoungGen      total 552448K, used 23399K [0x000000076ab00000, 0x0000000797800000, 0x00000007c0000000)
  eden space 519168K, 0% used [0x000000076ab00000,0x000000076ab00000,0x000000078a600000)
  from space 33280K, 70% used [0x000000078a600000,0x000000078bcd9d70,0x000000078c680000)
  to   space 33792K, 0% used [0x0000000795700000,0x0000000795700000,0x0000000797800000)
 ParOldGen       total 207872K, used 35552K [0x00000006c0000000, 0x00000006ccb00000, 0x000000076ab00000)
  object space 207872K, 17% used [0x00000006c0000000,0x00000006c22b8328,0x00000006ccb00000)
 Metaspace       used 75579K, capacity 77956K, committed 78296K, reserved 1116160K
  class space    used 12022K, capacity 12445K, committed 12544K, reserved 1048576K
}
Event: 24.124 GC heap before
{Heap before GC invocations=15 (full 3):
 PSYoungGen      total 552448K, used 542567K [0x000000076ab00000, 0x0000000797800000, 0x00000007c0000000)
  eden space 519168K, 100% used [0x000000076ab00000,0x000000078a600000,0x000000078a600000)
  from space 33280K, 70% used [0x000000078a600000,0x000000078bcd9d70,0x000000078c680000)
  to   space 33792K, 0% used [0x0000000795700000,0x0000000795700000,0x0000000797800000)
 ParOldGen       total 207872K, used 35552K [0x00000006c0000000, 0x00000006ccb00000, 0x000000076ab00000)
  object space 207872K, 17% used [0x00000006c0000000,0x00000006c22b8328,0x00000006ccb00000)
 Metaspace       used 82550K, capacity 85162K, committed 85336K, reserved 1122304K
  class space    used 12862K, capacity 13331K, committed 13440K, reserved 1048576K
Event: 24.170 GC heap after
Heap after GC invocations=15 (full 3):
 PSYoungGen      total 661504K, used 33788K [0x000000076ab00000, 0x000000079b380000, 0x00000007c0000000)
  eden space 627712K, 0% used [0x000000076ab00000,0x000000076ab00000,0x0000000791000000)
  from space 33792K, 99% used [0x0000000795700000,0x00000007977ff340,0x0000000797800000)
  to   space 72704K, 0% used [0x0000000791000000,0x0000000791000000,0x0000000795700000)
 ParOldGen       total 207872K, used 128802K [0x00000006c0000000, 0x00000006ccb00000, 0x000000076ab00000)
  object space 207872K, 61% used [0x00000006c0000000,0x00000006c7dc88a0,0x00000006ccb00000)
 Metaspace       used 82550K, capacity 85162K, committed 85336K, reserved 1122304K
  class space    used 12862K, capacity 13331K, committed 13440K, reserved 1048576K
}
Event: 30.490 GC heap before
{Heap before GC invocations=16 (full 3):
 PSYoungGen      total 661504K, used 661500K [0x000000076ab00000, 0x000000079b380000, 0x00000007c0000000)
  eden space 627712K, 100% used [0x000000076ab00000,0x0000000791000000,0x0000000791000000)
  from space 33792K, 99% used [0x0000000795700000,0x00000007977ff340,0x0000000797800000)
  to   space 72704K, 0% used [0x0000000791000000,0x0000000791000000,0x0000000795700000)
 ParOldGen       total 207872K, used 128802K [0x00000006c0000000, 0x00000006ccb00000, 0x000000076ab00000)
  object space 207872K, 61% used [0x00000006c0000000,0x00000006c7dc88a0,0x00000006ccb00000)
 Metaspace       used 82969K, capacity 85600K, committed 85848K, reserved 1122304K
  class space    used 12880K, capacity 13368K, committed 13440K, reserved 1048576K
Event: 30.533 GC heap after
Heap after GC invocations=16 (full 3):
 PSYoungGen      total 700416K, used 72684K [0x000000076ab00000, 0x00000007a4c80000, 0x00000007c0000000)
  eden space 627712K, 0% used [0x000000076ab00000,0x000000076ab00000,0x0000000791000000)
  from space 72704K, 99% used [0x0000000791000000,0x00000007956fb320,0x0000000795700000)
  to   space 91136K, 0% used [0x000000079f380000,0x000000079f380000,0x00000007a4c80000)
 ParOldGen       total 207872K, used 147239K [0x00000006c0000000, 0x00000006ccb00000, 0x000000076ab00000)
  object space 207872K, 70% used [0x00000006c0000000,0x00000006c8fc9ce0,0x00000006ccb00000)
 Metaspace       used 82969K, capacity 85600K, committed 85848K, reserved 1122304K
  class space    used 12880K, capacity 13368K, committed 13440K, reserved 1048576K
}
Event: 34.716 GC heap before
{Heap before GC invocations=17 (full 3):
 PSYoungGen      total 700416K, used 686951K [0x000000076ab00000, 0x00000007a4c80000, 0x00000007c0000000)
  eden space 627712K, 97% used [0x000000076ab00000,0x00000007902deaf8,0x0000000791000000)
  from space 72704K, 99% used [0x0000000791000000,0x00000007956fb320,0x0000000795700000)
  to   space 91136K, 0% used [0x000000079f380000,0x000000079f380000,0x00000007a4c80000)
 ParOldGen       total 207872K, used 147239K [0x00000006c0000000, 0x00000006ccb00000, 0x000000076ab00000)
  object space 207872K, 70% used [0x00000006c0000000,0x00000006c8fc9ce0,0x00000006ccb00000)
 Metaspace       used 85340K, capacity 88164K, committed 88408K, reserved 1124352K
  class space    used 13171K, capacity 13688K, committed 13696K, reserved 1048576K
Event: 34.757 GC heap after
Heap after GC invocations=17 (full 3):
 PSYoungGen      total 850944K, used 76113K [0x000000076ab00000, 0x00000007a5700000, 0x00000007c0000000)
  eden space 759808K, 0% used [0x000000076ab00000,0x000000076ab00000,0x0000000799100000)
  from space 91136K, 83% used [0x000000079f380000,0x00000007a3dd4600,0x00000007a4c80000)
  to   space 100864K, 0% used [0x0000000799100000,0x0000000799100000,0x000000079f380000)
 ParOldGen       total 207872K, used 184172K [0x00000006c0000000, 0x00000006ccb00000, 0x000000076ab00000)
  object space 207872K, 88% used [0x00000006c0000000,0x00000006cb3db3d8,0x00000006ccb00000)
 Metaspace       used 85340K, capacity 88164K, committed 88408K, reserved 1124352K
  class space    used 13171K, capacity 13688K, committed 13696K, reserved 1048576K
}
Event: 34.757 GC heap before
{Heap before GC invocations=18 (full 4):
 PSYoungGen      total 850944K, used 76113K [0x000000076ab00000, 0x00000007a5700000, 0x00000007c0000000)
  eden space 759808K, 0% used [0x000000076ab00000,0x000000076ab00000,0x0000000799100000)
  from space 91136K, 83% used [0x000000079f380000,0x00000007a3dd4600,0x00000007a4c80000)
  to   space 100864K, 0% used [0x0000000799100000,0x0000000799100000,0x000000079f380000)
 ParOldGen       total 207872K, used 184172K [0x00000006c0000000, 0x00000006ccb00000, 0x000000076ab00000)
  object space 207872K, 88% used [0x00000006c0000000,0x00000006cb3db3d8,0x00000006ccb00000)
 Metaspace       used 85340K, capacity 88164K, committed 88408K, reserved 1124352K
  class space    used 13171K, capacity 13688K, committed 13696K, reserved 1048576K
Event: 35.076 GC heap after
Heap after GC invocations=18 (full 4):
 PSYoungGen      total 850944K, used 40024K [0x000000076ab00000, 0x00000007a5700000, 0x00000007c0000000)
  eden space 759808K, 0% used [0x000000076ab00000,0x000000076ab00000,0x0000000799100000)
  from space 91136K, 43% used [0x000000079f380000,0x00000007a1a962d8,0x00000007a4c80000)
  to   space 100864K, 0% used [0x0000000799100000,0x0000000799100000,0x000000079f380000)
 ParOldGen       total 473600K, used 207525K [0x00000006c0000000, 0x00000006dce80000, 0x000000076ab00000)
  object space 473600K, 43% used [0x00000006c0000000,0x00000006ccaa96b0,0x00000006dce80000)
 Metaspace       used 85332K, capacity 88142K, committed 88408K, reserved 1124352K
  class space    used 13168K, capacity 13683K, committed 13696K, reserved 1048576K
}

