# JRE version: OpenJDK Runtime Environment (8.0_312-b07) (build 1.8.0_312-b07)
# Java VM: OpenJDK 64-Bit Server VM (25.312-b07 mixed mode bsd-amd64 compressed oops)
Heap:
 PSYoungGen      total 292864K, used 217624K [0x000000076ab00000, 0x0000000789f80000, 0x00000007c0000000)
  eden space 262144K, 83% used [0x000000076ab00000,0x0000000777f86330,0x000000077ab00000)
  from space 30720K, 0% used [0x000000077ab00000,0x000000077ab00000,0x000000077c900000)
  to   space 29184K, 0% used [0x0000000788300000,0x0000000788300000,0x0000000789f80000)
 ParOldGen       total 155648K, used 22747K [0x00000006c0000000, 0x00000006c9800000, 0x000000076ab00000)
  object space 155648K, 14% used [0x00000006c0000000,0x00000006c1636ee8,0x00000006c9800000)
 Metaspace       used 50074K, capacity 51199K, committed 51584K, reserved 1093632K
  class space    used 7479K, capacity 7743K, committed 7808K, reserved 1048576K
GC Heap History (10 events):
Event: 5.028 GC heap before
{Heap before GC invocations=5 (full 0):
 PSYoungGen      total 141824K, used 141806K [0x000000076ab00000, 0x0000000774000000, 0x00000007c0000000)
  eden space 131072K, 100% used [0x000000076ab00000,0x0000000772b00000,0x0000000772b00000)
  from space 10752K, 99% used [0x0000000773580000,0x0000000773ffb9d0,0x0000000774000000)
  to   space 10752K, 0% used [0x0000000772b00000,0x0000000772b00000,0x0000000773580000)
 ParOldGen       total 175104K, used 15702K [0x00000006c0000000, 0x00000006cab00000, 0x000000076ab00000)
  object space 175104K, 8% used [0x00000006c0000000,0x00000006c0f55ba0,0x00000006cab00000)
 Metaspace       used 12840K, capacity 13012K, committed 13312K, reserved 1060864K
  class space    used 1646K, capacity 1706K, committed 1792K, reserved 1048576K
Event: 5.061 GC heap after
Heap after GC invocations=5 (full 0):
 PSYoungGen      total 141824K, used 10737K [0x000000076ab00000, 0x000000077ec00000, 0x00000007c0000000)
  eden space 131072K, 0% used [0x000000076ab00000,0x000000076ab00000,0x0000000772b00000)
  from space 10752K, 99% used [0x0000000772b00000,0x000000077357c488,0x0000000773580000)
  to   space 33280K, 0% used [0x000000077cb80000,0x000000077cb80000,0x000000077ec00000)
 ParOldGen       total 175104K, used 33488K [0x00000006c0000000, 0x00000006cab00000, 0x000000076ab00000)
  object space 175104K, 19% used [0x00000006c0000000,0x00000006c20b4350,0x00000006cab00000)
 Metaspace       used 12840K, capacity 13012K, committed 13312K, reserved 1060864K
  class space    used 1646K, capacity 1706K, committed 1792K, reserved 1048576K
}
Event: 5.745 GC heap before
{Heap before GC invocations=6 (full 0):
 PSYoungGen      total 141824K, used 132705K [0x000000076ab00000, 0x000000077ec00000, 0x00000007c0000000)
  eden space 131072K, 93% used [0x000000076ab00000,0x000000077221c2a8,0x0000000772b00000)
  from space 10752K, 99% used [0x0000000772b00000,0x000000077357c488,0x0000000773580000)
  to   space 33280K, 0% used [0x000000077cb80000,0x000000077cb80000,0x000000077ec00000)
 ParOldGen       total 175104K, used 33488K [0x00000006c0000000, 0x00000006cab00000, 0x000000076ab00000)
  object space 175104K, 19% used [0x00000006c0000000,0x00000006c20b4350,0x00000006cab00000)
 Metaspace       used 20787K, capacity 21016K, committed 21296K, reserved 1067008K
  class space    used 3327K, capacity 3414K, committed 3456K, reserved 1048576K
Event: 5.763 GC heap after
Heap after GC invocations=6 (full 0):
 PSYoungGen      total 290304K, used 16085K [0x000000076ab00000, 0x000000077e700000, 0x00000007c0000000)
  eden space 262144K, 0% used [0x000000076ab00000,0x000000076ab00000,0x000000077ab00000)
  from space 28160K, 57% used [0x000000077cb80000,0x000000077db35608,0x000000077e700000)
  to   space 30720K, 0% used [0x000000077ab00000,0x000000077ab00000,0x000000077c900000)
 ParOldGen       total 175104K, used 33496K [0x00000006c0000000, 0x00000006cab00000, 0x000000076ab00000)
  object space 175104K, 19% used [0x00000006c0000000,0x00000006c20b6350,0x00000006cab00000)
 Metaspace       used 20787K, capacity 21016K, committed 21296K, reserved 1067008K
  class space    used 3327K, capacity 3414K, committed 3456K, reserved 1048576K
}
Event: 5.763 GC heap before
{Heap before GC invocations=7 (full 1):
 PSYoungGen      total 290304K, used 16085K [0x000000076ab00000, 0x000000077e700000, 0x00000007c0000000)
  eden space 262144K, 0% used [0x000000076ab00000,0x000000076ab00000,0x000000077ab00000)
  from space 28160K, 57% used [0x000000077cb80000,0x000000077db35608,0x000000077e700000)
  to   space 30720K, 0% used [0x000000077ab00000,0x000000077ab00000,0x000000077c900000)
 ParOldGen       total 175104K, used 33496K [0x00000006c0000000, 0x00000006cab00000, 0x000000076ab00000)
  object space 175104K, 19% used [0x00000006c0000000,0x00000006c20b6350,0x00000006cab00000)
 Metaspace       used 20787K, capacity 21016K, committed 21296K, reserved 1067008K
  class space    used 3327K, capacity 3414K, committed 3456K, reserved 1048576K
Event: 5.820 GC heap after
Heap after GC invocations=7 (full 1):
 PSYoungGen      total 290304K, used 0K [0x000000076ab00000, 0x000000077e700000, 0x00000007c0000000)
  eden space 262144K, 0% used [0x000000076ab00000,0x000000076ab00000,0x000000077ab00000)
  from space 28160K, 0% used [0x000000077cb80000,0x000000077cb80000,0x000000077e700000)
  to   space 30720K, 0% used [0x000000077ab00000,0x000000077ab00000,0x000000077c900000)
 ParOldGen       total 115200K, used 14545K [0x00000006c0000000, 0x00000006c7080000, 0x000000076ab00000)
  object space 115200K, 12% used [0x00000006c0000000,0x00000006c0e34460,0x00000006c7080000)
 Metaspace       used 20787K, capacity 21016K, committed 21296K, reserved 1067008K
  class space    used 3327K, capacity 3414K, committed 3456K, reserved 1048576K
}
Event: 7.749 GC heap before
{Heap before GC invocations=8 (full 1):
 PSYoungGen      total 290304K, used 103565K [0x000000076ab00000, 0x000000077e700000, 0x00000007c0000000)
  eden space 262144K, 39% used [0x000000076ab00000,0x0000000771023530,0x000000077ab00000)
  from space 28160K, 0% used [0x000000077cb80000,0x000000077cb80000,0x000000077e700000)
  to   space 30720K, 0% used [0x000000077ab00000,0x000000077ab00000,0x000000077c900000)
 ParOldGen       total 115200K, used 14545K [0x00000006c0000000, 0x00000006c7080000, 0x000000076ab00000)
  object space 115200K, 12% used [0x00000006c0000000,0x00000006c0e34460,0x00000006c7080000)
 Metaspace       used 34662K, capacity 35149K, committed 35456K, reserved 1079296K
  class space    used 5303K, capacity 5471K, committed 5504K, reserved 1048576K
Event: 7.763 GC heap after
Heap after GC invocations=8 (full 1):
 PSYoungGen      total 292864K, used 14071K [0x000000076ab00000, 0x0000000789f80000, 0x00000007c0000000)
  eden space 262144K, 0% used [0x000000076ab00000,0x000000076ab00000,0x000000077ab00000)
  from space 30720K, 45% used [0x000000077ab00000,0x000000077b8bdf08,0x000000077c900000)
  to   space 29184K, 0% used [0x0000000788300000,0x0000000788300000,0x0000000789f80000)
 ParOldGen       total 115200K, used 14553K [0x00000006c0000000, 0x00000006c7080000, 0x000000076ab00000)
  object space 115200K, 12% used [0x00000006c0000000,0x00000006c0e36460,0x00000006c7080000)
 Metaspace       used 34662K, capacity 35149K, committed 35456K, reserved 1079296K
  class space    used 5303K, capacity 5471K, committed 5504K, reserved 1048576K
}
Event: 7.763 GC heap before
{Heap before GC invocations=9 (full 2):
 PSYoungGen      total 292864K, used 14071K [0x000000076ab00000, 0x0000000789f80000, 0x00000007c0000000)
  eden space 262144K, 0% used [0x000000076ab00000,0x000000076ab00000,0x000000077ab00000)
  from space 30720K, 45% used [0x000000077ab00000,0x000000077b8bdf08,0x000000077c900000)
  to   space 29184K, 0% used [0x0000000788300000,0x0000000788300000,0x0000000789f80000)
 ParOldGen       total 115200K, used 14553K [0x00000006c0000000, 0x00000006c7080000, 0x000000076ab00000)
  object space 115200K, 12% used [0x00000006c0000000,0x00000006c0e36460,0x00000006c7080000)
 Metaspace       used 34662K, capacity 35149K, committed 35456K, reserved 1079296K
  class space    used 5303K, capacity 5471K, committed 5504K, reserved 1048576K
Event: 7.814 GC heap after
Heap after GC invocations=9 (full 2):
 PSYoungGen      total 292864K, used 0K [0x000000076ab00000, 0x0000000789f80000, 0x00000007c0000000)
  eden space 262144K, 0% used [0x000000076ab00000,0x000000076ab00000,0x000000077ab00000)
  from space 30720K, 0% used [0x000000077ab00000,0x000000077ab00000,0x000000077c900000)
  to   space 29184K, 0% used [0x0000000788300000,0x0000000788300000,0x0000000789f80000)
 ParOldGen       total 155648K, used 22747K [0x00000006c0000000, 0x00000006c9800000, 0x000000076ab00000)
  object space 155648K, 14% used [0x00000006c0000000,0x00000006c1636ee8,0x00000006c9800000)
 Metaspace       used 34662K, capacity 35149K, committed 35456K, reserved 1079296K
  class space    used 5303K, capacity 5471K, committed 5504K, reserved 1048576K
}

