# JRE version: Java(TM) SE Runtime Environment (8.0_161-b12) (build 1.8.0_161-b12)
# Java VM: Java HotSpot(TM) 64-Bit Server VM (25.161-b12 mixed mode bsd-amd64 compressed oops)
Heap:
 PSYoungGen      total 497664K, used 286109K [0x000000076ab00000, 0x0000000792680000, 0x00000007c0000000)
  eden space 464896K, 54% used [0x000000076ab00000,0x000000077a26ed30,0x0000000787100000)
  from space 32768K, 99% used [0x0000000787100000,0x00000007890f8710,0x0000000789100000)
  to   space 36864K, 0% used [0x0000000790280000,0x0000000790280000,0x0000000792680000)
 ParOldGen       total 195584K, used 30577K [0x00000006c0000000, 0x00000006cbf00000, 0x000000076ab00000)
  object space 195584K, 15% used [0x00000006c0000000,0x00000006c1ddc648,0x00000006cbf00000)
 Metaspace       used 69404K, capacity 70624K, committed 70872K, reserved 1107968K
  class space    used 11190K, capacity 11444K, committed 11520K, reserved 1048576K
GC Heap History (10 events):
Event: 11.057 GC heap before
{Heap before GC invocations=10 (full 2):
 PSYoungGen      total 274944K, used 253952K [0x000000076ab00000, 0x0000000783080000, 0x00000007c0000000)
  eden space 253952K, 100% used [0x000000076ab00000,0x000000077a300000,0x000000077a300000)
  from space 20992K, 0% used [0x000000077a300000,0x000000077a300000,0x000000077b780000)
  to   space 26624K, 0% used [0x0000000781680000,0x0000000781680000,0x0000000783080000)
 ParOldGen       total 152064K, used 17732K [0x00000006c0000000, 0x00000006c9480000, 0x000000076ab00000)
  object space 152064K, 11% used [0x00000006c0000000,0x00000006c11512f0,0x00000006c9480000)
 Metaspace       used 54985K, capacity 55808K, committed 56280K, reserved 1095680K
  class space    used 9190K, capacity 9364K, committed 9472K, reserved 1048576K
Event: 11.077 GC heap after
Heap after GC invocations=10 (full 2):
 PSYoungGen      total 368128K, used 26498K [0x000000076ab00000, 0x0000000786080000, 0x00000007c0000000)
  eden space 341504K, 0% used [0x000000076ab00000,0x000000076ab00000,0x000000077f880000)
  from space 26624K, 99% used [0x0000000781680000,0x0000000783060a40,0x0000000783080000)
  to   space 30720K, 0% used [0x000000077f880000,0x000000077f880000,0x0000000781680000)
 ParOldGen       total 152064K, used 17740K [0x00000006c0000000, 0x00000006c9480000, 0x000000076ab00000)
  object space 152064K, 11% used [0x00000006c0000000,0x00000006c11532f0,0x00000006c9480000)
 Metaspace       used 54985K, capacity 55808K, committed 56280K, reserved 1095680K
  class space    used 9190K, capacity 9364K, committed 9472K, reserved 1048576K
}
Event: 11.242 GC heap before
{Heap before GC invocations=11 (full 2):
 PSYoungGen      total 368128K, used 57229K [0x000000076ab00000, 0x0000000786080000, 0x00000007c0000000)
  eden space 341504K, 8% used [0x000000076ab00000,0x000000076c9029c0,0x000000077f880000)
  from space 26624K, 99% used [0x0000000781680000,0x0000000783060a40,0x0000000783080000)
  to   space 30720K, 0% used [0x000000077f880000,0x000000077f880000,0x0000000781680000)
 ParOldGen       total 152064K, used 17740K [0x00000006c0000000, 0x00000006c9480000, 0x000000076ab00000)
  object space 152064K, 11% used [0x00000006c0000000,0x00000006c11532f0,0x00000006c9480000)
 Metaspace       used 57927K, capacity 58790K, committed 58968K, reserved 1097728K
  class space    used 9634K, capacity 9845K, committed 9856K, reserved 1048576K
Event: 11.254 GC heap after
Heap after GC invocations=11 (full 2):
 PSYoungGen      total 372224K, used 15764K [0x000000076ab00000, 0x000000078b180000, 0x00000007c0000000)
  eden space 341504K, 0% used [0x000000076ab00000,0x000000076ab00000,0x000000077f880000)
  from space 30720K, 51% used [0x000000077f880000,0x00000007807e5070,0x0000000781680000)
  to   space 29184K, 0% used [0x0000000789500000,0x0000000789500000,0x000000078b180000)
 ParOldGen       total 152064K, used 17812K [0x00000006c0000000, 0x00000006c9480000, 0x000000076ab00000)
  object space 152064K, 11% used [0x00000006c0000000,0x00000006c1165300,0x00000006c9480000)
 Metaspace       used 57927K, capacity 58790K, committed 58968K, reserved 1097728K
  class space    used 9634K, capacity 9845K, committed 9856K, reserved 1048576K
}
Event: 11.254 GC heap before
{Heap before GC invocations=12 (full 3):
 PSYoungGen      total 372224K, used 15764K [0x000000076ab00000, 0x000000078b180000, 0x00000007c0000000)
  eden space 341504K, 0% used [0x000000076ab00000,0x000000076ab00000,0x000000077f880000)
  from space 30720K, 51% used [0x000000077f880000,0x00000007807e5070,0x0000000781680000)
  to   space 29184K, 0% used [0x0000000789500000,0x0000000789500000,0x000000078b180000)
 ParOldGen       total 152064K, used 17812K [0x00000006c0000000, 0x00000006c9480000, 0x000000076ab00000)
  object space 152064K, 11% used [0x00000006c0000000,0x00000006c1165300,0x00000006c9480000)
 Metaspace       used 57927K, capacity 58790K, committed 58968K, reserved 1097728K
  class space    used 9634K, capacity 9845K, committed 9856K, reserved 1048576K
Event: 11.382 GC heap after
Heap after GC invocations=12 (full 3):
 PSYoungGen      total 372224K, used 0K [0x000000076ab00000, 0x000000078b180000, 0x00000007c0000000)
  eden space 341504K, 0% used [0x000000076ab00000,0x000000076ab00000,0x000000077f880000)
  from space 30720K, 0% used [0x000000077f880000,0x000000077f880000,0x0000000781680000)
  to   space 29184K, 0% used [0x0000000789500000,0x0000000789500000,0x000000078b180000)
 ParOldGen       total 195584K, used 30149K [0x00000006c0000000, 0x00000006cbf00000, 0x000000076ab00000)
  object space 195584K, 15% used [0x00000006c0000000,0x00000006c1d71710,0x00000006cbf00000)
 Metaspace       used 57925K, capacity 58788K, committed 58968K, reserved 1097728K
  class space    used 9634K, capacity 9844K, committed 9856K, reserved 1048576K
}
Event: 36.445 GC heap before
{Heap before GC invocations=13 (full 3):
 PSYoungGen      total 372224K, used 341504K [0x000000076ab00000, 0x000000078b180000, 0x00000007c0000000)
  eden space 341504K, 100% used [0x000000076ab00000,0x000000077f880000,0x000000077f880000)
  from space 30720K, 0% used [0x000000077f880000,0x000000077f880000,0x0000000781680000)
  to   space 29184K, 0% used [0x0000000789500000,0x0000000789500000,0x000000078b180000)
 ParOldGen       total 195584K, used 30335K [0x00000006c0000000, 0x00000006cbf00000, 0x000000076ab00000)
  object space 195584K, 15% used [0x00000006c0000000,0x00000006c1d9fd10,0x00000006cbf00000)
 Metaspace       used 68096K, capacity 69218K, committed 69464K, reserved 1107968K
  class space    used 11060K, capacity 11305K, committed 11392K, reserved 1048576K
Event: 36.461 GC heap after
Heap after GC invocations=13 (full 3):
 PSYoungGen      total 479232K, used 28310K [0x000000076ab00000, 0x000000078b100000, 0x00000007c0000000)
  eden space 450560K, 0% used [0x000000076ab00000,0x000000076ab00000,0x0000000786300000)
  from space 28672K, 98% used [0x0000000789500000,0x000000078b0a5bd8,0x000000078b100000)
  to   space 32768K, 0% used [0x0000000787100000,0x0000000787100000,0x0000000789100000)
 ParOldGen       total 195584K, used 30356K [0x00000006c0000000, 0x00000006cbf00000, 0x000000076ab00000)
  object space 195584K, 15% used [0x00000006c0000000,0x00000006c1da53c0,0x00000006cbf00000)
 Metaspace       used 68096K, capacity 69218K, committed 69464K, reserved 1107968K
  class space    used 11060K, capacity 11305K, committed 11392K, reserved 1048576K
}
Event: 43.717 GC heap before
{Heap before GC invocations=14 (full 3):
 PSYoungGen      total 479232K, used 478870K [0x000000076ab00000, 0x000000078b100000, 0x00000007c0000000)
  eden space 450560K, 100% used [0x000000076ab00000,0x0000000786300000,0x0000000786300000)
  from space 28672K, 98% used [0x0000000789500000,0x000000078b0a5bd8,0x000000078b100000)
  to   space 32768K, 0% used [0x0000000787100000,0x0000000787100000,0x0000000789100000)
 ParOldGen       total 195584K, used 30358K [0x00000006c0000000, 0x00000006cbf00000, 0x000000076ab00000)
  object space 195584K, 15% used [0x00000006c0000000,0x00000006c1da5810,0x00000006cbf00000)
 Metaspace       used 68722K, capacity 69872K, committed 69976K, reserved 1107968K
  class space    used 11092K, capacity 11348K, committed 11392K, reserved 1048576K
Event: 43.733 GC heap after
Heap after GC invocations=14 (full 3):
 PSYoungGen      total 497664K, used 32737K [0x000000076ab00000, 0x0000000792680000, 0x00000007c0000000)
  eden space 464896K, 0% used [0x000000076ab00000,0x000000076ab00000,0x0000000787100000)
  from space 32768K, 99% used [0x0000000787100000,0x00000007890f8710,0x0000000789100000)
  to   space 36864K, 0% used [0x0000000790280000,0x0000000790280000,0x0000000792680000)
 ParOldGen       total 195584K, used 30577K [0x00000006c0000000, 0x00000006cbf00000, 0x000000076ab00000)
  object space 195584K, 15% used [0x00000006c0000000,0x00000006c1ddc648,0x00000006cbf00000)
 Metaspace       used 68722K, capacity 69872K, committed 69976K, reserved 1107968K
  class space    used 11092K, capacity 11348K, committed 11392K, reserved 1048576K
}

