# JRE version: OpenJDK Runtime Environment (8.0_312-b07) (build 1.8.0_312-b07)
# Java VM: OpenJDK 64-Bit Server VM (25.312-b07 mixed mode bsd-amd64 compressed oops)
Heap:
 PSYoungGen      total 1105408K, used 327191K [0x000000076ab00000, 0x00000007c0000000, 0x00000007c0000000)
  eden space 971776K, 19% used [0x000000076ab00000,0x0000000776807860,0x00000007a6000000)
  from space 133632K, 99% used [0x00000007b7d80000,0x00000007bfffe510,0x00000007c0000000)
  to   space 212992K, 0% used [0x00000007a6000000,0x00000007a6000000,0x00000007b3000000)
 ParOldGen       total 838656K, used 618472K [0x00000006c0000000, 0x00000006f3300000, 0x000000076ab00000)
  object space 838656K, 73% used [0x00000006c0000000,0x00000006e5bfa278,0x00000006f3300000)
 Metaspace       used 91387K, capacity 94242K, committed 94424K, reserved 1130496K
  class space    used 13542K, capacity 14054K, committed 14080K, reserved 1048576K
GC Heap History (10 events):
Event: 72.794 GC heap before
{Heap before GC invocations=23 (full 4):
 PSYoungGen      total 1116160K, used 1116137K [0x000000076ab00000, 0x00000007b8c00000, 0x00000007c0000000)
  eden space 1056256K, 100% used [0x000000076ab00000,0x00000007ab280000,0x00000007ab280000)
  from space 59904K, 99% used [0x00000007b0c80000,0x00000007b46fa520,0x00000007b4700000)
  to   space 92160K, 0% used [0x00000007ab280000,0x00000007ab280000,0x00000007b0c80000)
 ParOldGen       total 446976K, used 261824K [0x00000006c0000000, 0x00000006db480000, 0x000000076ab00000)
  object space 446976K, 58% used [0x00000006c0000000,0x00000006cffb01c0,0x00000006db480000)
 Metaspace       used 85908K, capacity 88680K, committed 88920K, reserved 1124352K
  class space    used 13175K, capacity 13686K, committed 13696K, reserved 1048576K
Event: 72.822 GC heap after
Heap after GC invocations=23 (full 4):
 PSYoungGen      total 1148416K, used 89801K [0x000000076ab00000, 0x00000007be600000, 0x00000007c0000000)
  eden space 1056256K, 0% used [0x000000076ab00000,0x000000076ab00000,0x00000007ab280000)
  from space 92160K, 97% used [0x00000007ab280000,0x00000007b0a327d0,0x00000007b0c80000)
  to   space 105984K, 0% used [0x00000007b7e80000,0x00000007b7e80000,0x00000007be600000)
 ParOldGen       total 446976K, used 262728K [0x00000006c0000000, 0x00000006db480000, 0x000000076ab00000)
  object space 446976K, 58% used [0x00000006c0000000,0x00000006d00921d0,0x00000006db480000)
 Metaspace       used 85908K, capacity 88680K, committed 88920K, reserved 1124352K
  class space    used 13175K, capacity 13686K, committed 13696K, reserved 1048576K
}
Event: 79.436 GC heap before
{Heap before GC invocations=24 (full 4):
 PSYoungGen      total 1148416K, used 1146057K [0x000000076ab00000, 0x00000007be600000, 0x00000007c0000000)
  eden space 1056256K, 100% used [0x000000076ab00000,0x00000007ab280000,0x00000007ab280000)
  from space 92160K, 97% used [0x00000007ab280000,0x00000007b0a327d0,0x00000007b0c80000)
  to   space 105984K, 0% used [0x00000007b7e80000,0x00000007b7e80000,0x00000007be600000)
 ParOldGen       total 446976K, used 262728K [0x00000006c0000000, 0x00000006db480000, 0x000000076ab00000)
  object space 446976K, 58% used [0x00000006c0000000,0x00000006d00921d0,0x00000006db480000)
 Metaspace       used 85940K, capacity 88744K, committed 88920K, reserved 1124352K
  class space    used 13175K, capacity 13686K, committed 13696K, reserved 1048576K
Event: 79.489 GC heap after
Heap after GC invocations=24 (full 4):
 PSYoungGen      total 1248256K, used 105762K [0x000000076ab00000, 0x00000007c0000000, 0x00000007c0000000)
  eden space 1142272K, 0% used [0x000000076ab00000,0x000000076ab00000,0x00000007b0680000)
  from space 105984K, 99% used [0x00000007b7e80000,0x00000007be5c8ab0,0x00000007be600000)
  to   space 122880K, 0% used [0x00000007b0680000,0x00000007b0680000,0x00000007b7e80000)
 ParOldGen       total 446976K, used 307154K [0x00000006c0000000, 0x00000006db480000, 0x000000076ab00000)
  object space 446976K, 68% used [0x00000006c0000000,0x00000006d2bf4ad0,0x00000006db480000)
 Metaspace       used 85940K, capacity 88744K, committed 88920K, reserved 1124352K
  class space    used 13175K, capacity 13686K, committed 13696K, reserved 1048576K
}
Event: 83.600 GC heap before
{Heap before GC invocations=25 (full 4):
 PSYoungGen      total 1248256K, used 1248034K [0x000000076ab00000, 0x00000007c0000000, 0x00000007c0000000)
  eden space 1142272K, 100% used [0x000000076ab00000,0x00000007b0680000,0x00000007b0680000)
  from space 105984K, 99% used [0x00000007b7e80000,0x00000007be5c8ab0,0x00000007be600000)
  to   space 122880K, 0% used [0x00000007b0680000,0x00000007b0680000,0x00000007b7e80000)
 ParOldGen       total 446976K, used 307154K [0x00000006c0000000, 0x00000006db480000, 0x000000076ab00000)
  object space 446976K, 68% used [0x00000006c0000000,0x00000006d2bf4ad0,0x00000006db480000)
 Metaspace       used 86009K, capacity 88838K, committed 88920K, reserved 1124352K
  class space    used 13183K, capacity 13691K, committed 13696K, reserved 1048576K
Event: 83.742 GC heap after
Heap after GC invocations=25 (full 4):
 PSYoungGen      total 1264128K, used 121548K [0x000000076ab00000, 0x00000007c0000000, 0x00000007c0000000)
  eden space 1142272K, 0% used [0x000000076ab00000,0x000000076ab00000,0x00000007b0680000)
  from space 121856K, 99% used [0x00000007b0680000,0x00000007b7d33340,0x00000007b7d80000)
  to   space 133632K, 0% used [0x00000007b7d80000,0x00000007b7d80000,0x00000007c0000000)
 ParOldGen       total 480768K, used 470403K [0x00000006c0000000, 0x00000006dd580000, 0x000000076ab00000)
  object space 480768K, 97% used [0x00000006c0000000,0x00000006dcb60ff0,0x00000006dd580000)
 Metaspace       used 86009K, capacity 88838K, committed 88920K, reserved 1124352K
  class space    used 13183K, capacity 13691K, committed 13696K, reserved 1048576K
}
Event: 83.742 GC heap before
{Heap before GC invocations=26 (full 5):
 PSYoungGen      total 1264128K, used 121548K [0x000000076ab00000, 0x00000007c0000000, 0x00000007c0000000)
  eden space 1142272K, 0% used [0x000000076ab00000,0x000000076ab00000,0x00000007b0680000)
  from space 121856K, 99% used [0x00000007b0680000,0x00000007b7d33340,0x00000007b7d80000)
  to   space 133632K, 0% used [0x00000007b7d80000,0x00000007b7d80000,0x00000007c0000000)
 ParOldGen       total 480768K, used 470403K [0x00000006c0000000, 0x00000006dd580000, 0x000000076ab00000)
  object space 480768K, 97% used [0x00000006c0000000,0x00000006dcb60ff0,0x00000006dd580000)
 Metaspace       used 86009K, capacity 88838K, committed 88920K, reserved 1124352K
  class space    used 13183K, capacity 13691K, committed 13696K, reserved 1048576K
Event: 84.108 GC heap after
Heap after GC invocations=26 (full 5):
 PSYoungGen      total 1264128K, used 107730K [0x000000076ab00000, 0x00000007c0000000, 0x00000007c0000000)
  eden space 1142272K, 0% used [0x000000076ab00000,0x000000076ab00000,0x00000007b0680000)
  from space 121856K, 88% used [0x00000007b0680000,0x00000007b6fb48d8,0x00000007b7d80000)
  to   space 133632K, 0% used [0x00000007b7d80000,0x00000007b7d80000,0x00000007c0000000)
 ParOldGen       total 838656K, used 480279K [0x00000006c0000000, 0x00000006f3300000, 0x000000076ab00000)
  object space 838656K, 57% used [0x00000006c0000000,0x00000006dd505cf8,0x00000006f3300000)
 Metaspace       used 86005K, capacity 88824K, committed 88920K, reserved 1124352K
  class space    used 13181K, capacity 13688K, committed 13696K, reserved 1048576K
}
Event: 89.809 GC heap before
{Heap before GC invocations=27 (full 5):
 PSYoungGen      total 1264128K, used 1250002K [0x000000076ab00000, 0x00000007c0000000, 0x00000007c0000000)
  eden space 1142272K, 100% used [0x000000076ab00000,0x00000007b0680000,0x00000007b0680000)
  from space 121856K, 88% used [0x00000007b0680000,0x00000007b6fb48d8,0x00000007b7d80000)
  to   space 133632K, 0% used [0x00000007b7d80000,0x00000007b7d80000,0x00000007c0000000)
 ParOldGen       total 838656K, used 480279K [0x00000006c0000000, 0x00000006f3300000, 0x000000076ab00000)
  object space 838656K, 57% used [0x00000006c0000000,0x00000006dd505cf8,0x00000006f3300000)
 Metaspace       used 86029K, capacity 88858K, committed 88920K, reserved 1124352K
  class space    used 13186K, capacity 13695K, committed 13696K, reserved 1048576K
Event: 89.943 GC heap after
Heap after GC invocations=27 (full 5):
 PSYoungGen      total 1105408K, used 133625K [0x000000076ab00000, 0x00000007c0000000, 0x00000007c0000000)
  eden space 971776K, 0% used [0x000000076ab00000,0x000000076ab00000,0x00000007a6000000)
  from space 133632K, 99% used [0x00000007b7d80000,0x00000007bfffe510,0x00000007c0000000)
  to   space 212992K, 0% used [0x00000007a6000000,0x00000007a6000000,0x00000007b3000000)
 ParOldGen       total 838656K, used 618472K [0x00000006c0000000, 0x00000006f3300000, 0x000000076ab00000)
  object space 838656K, 73% used [0x00000006c0000000,0x00000006e5bfa278,0x00000006f3300000)
 Metaspace       used 86029K, capacity 88858K, committed 88920K, reserved 1124352K
  class space    used 13186K, capacity 13695K, committed 13696K, reserved 1048576K
}

