# JRE version: OpenJDK Runtime Environment (8.0_312-b07) (build 1.8.0_312-b07)
# Java VM: OpenJDK 64-Bit Server VM (25.312-b07 mixed mode bsd-amd64 compressed oops)
Heap:
 PSYoungGen      total 292864K, used 219115K [0x000000076ab00000, 0x000000078a080000, 0x00000007c0000000)
  eden space 262144K, 83% used [0x000000076ab00000,0x00000007780fafe8,0x000000077ab00000)
  from space 30720K, 0% used [0x000000077ab00000,0x000000077ab00000,0x000000077c900000)
  to   space 29696K, 0% used [0x0000000788380000,0x0000000788380000,0x000000078a080000)
 ParOldGen       total 150016K, used 22688K [0x00000006c0000000, 0x00000006c9280000, 0x000000076ab00000)
  object space 150016K, 15% used [0x00000006c0000000,0x00000006c1628228,0x00000006c9280000)
 Metaspace       used 50260K, capacity 51351K, committed 51584K, reserved 1093632K
  class space    used 7529K, capacity 7787K, committed 7808K, reserved 1048576K
GC Heap History (10 events):
Event: 4.885 GC heap before
{Heap before GC invocations=5 (full 0):
 PSYoungGen      total 141824K, used 141822K [0x000000076ab00000, 0x0000000774000000, 0x00000007c0000000)
  eden space 131072K, 100% used [0x000000076ab00000,0x0000000772b00000,0x0000000772b00000)
  from space 10752K, 99% used [0x0000000773580000,0x0000000773fff9e0,0x0000000774000000)
  to   space 10752K, 0% used [0x0000000772b00000,0x0000000772b00000,0x0000000773580000)
 ParOldGen       total 175104K, used 15646K [0x00000006c0000000, 0x00000006cab00000, 0x000000076ab00000)
  object space 175104K, 8% used [0x00000006c0000000,0x00000006c0f47a10,0x00000006cab00000)
 Metaspace       used 12847K, capacity 13012K, committed 13312K, reserved 1060864K
  class space    used 1646K, capacity 1706K, committed 1792K, reserved 1048576K
Event: 4.921 GC heap after
Heap after GC invocations=5 (full 0):
 PSYoungGen      total 141824K, used 10737K [0x000000076ab00000, 0x000000077ec00000, 0x00000007c0000000)
  eden space 131072K, 0% used [0x000000076ab00000,0x000000076ab00000,0x0000000772b00000)
  from space 10752K, 99% used [0x0000000772b00000,0x000000077357c488,0x0000000773580000)
  to   space 33280K, 0% used [0x000000077cb80000,0x000000077cb80000,0x000000077ec00000)
 ParOldGen       total 175104K, used 33484K [0x00000006c0000000, 0x00000006cab00000, 0x000000076ab00000)
  object space 175104K, 19% used [0x00000006c0000000,0x00000006c20b3290,0x00000006cab00000)
 Metaspace       used 12847K, capacity 13012K, committed 13312K, reserved 1060864K
  class space    used 1646K, capacity 1706K, committed 1792K, reserved 1048576K
}
Event: 5.658 GC heap before
{Heap before GC invocations=6 (full 0):
 PSYoungGen      total 141824K, used 132352K [0x000000076ab00000, 0x000000077ec00000, 0x00000007c0000000)
  eden space 131072K, 92% used [0x000000076ab00000,0x00000007721c3b78,0x0000000772b00000)
  from space 10752K, 99% used [0x0000000772b00000,0x000000077357c488,0x0000000773580000)
  to   space 33280K, 0% used [0x000000077cb80000,0x000000077cb80000,0x000000077ec00000)
 ParOldGen       total 175104K, used 33484K [0x00000006c0000000, 0x00000006cab00000, 0x000000076ab00000)
  object space 175104K, 19% used [0x00000006c0000000,0x00000006c20b3290,0x00000006cab00000)
 Metaspace       used 20783K, capacity 21016K, committed 21296K, reserved 1067008K
  class space    used 3324K, capacity 3414K, committed 3456K, reserved 1048576K
Event: 5.676 GC heap after
Heap after GC invocations=6 (full 0):
 PSYoungGen      total 290304K, used 16141K [0x000000076ab00000, 0x000000077e700000, 0x00000007c0000000)
  eden space 262144K, 0% used [0x000000076ab00000,0x000000076ab00000,0x000000077ab00000)
  from space 28160K, 57% used [0x000000077cb80000,0x000000077db436b8,0x000000077e700000)
  to   space 30720K, 0% used [0x000000077ab00000,0x000000077ab00000,0x000000077c900000)
 ParOldGen       total 175104K, used 33492K [0x00000006c0000000, 0x00000006cab00000, 0x000000076ab00000)
  object space 175104K, 19% used [0x00000006c0000000,0x00000006c20b5290,0x00000006cab00000)
 Metaspace       used 20783K, capacity 21016K, committed 21296K, reserved 1067008K
  class space    used 3324K, capacity 3414K, committed 3456K, reserved 1048576K
}
Event: 5.676 GC heap before
{Heap before GC invocations=7 (full 1):
 PSYoungGen      total 290304K, used 16141K [0x000000076ab00000, 0x000000077e700000, 0x00000007c0000000)
  eden space 262144K, 0% used [0x000000076ab00000,0x000000076ab00000,0x000000077ab00000)
  from space 28160K, 57% used [0x000000077cb80000,0x000000077db436b8,0x000000077e700000)
  to   space 30720K, 0% used [0x000000077ab00000,0x000000077ab00000,0x000000077c900000)
 ParOldGen       total 175104K, used 33492K [0x00000006c0000000, 0x00000006cab00000, 0x000000076ab00000)
  object space 175104K, 19% used [0x00000006c0000000,0x00000006c20b5290,0x00000006cab00000)
 Metaspace       used 20783K, capacity 21016K, committed 21296K, reserved 1067008K
  class space    used 3324K, capacity 3414K, committed 3456K, reserved 1048576K
Event: 5.728 GC heap after
Heap after GC invocations=7 (full 1):
 PSYoungGen      total 290304K, used 0K [0x000000076ab00000, 0x000000077e700000, 0x00000007c0000000)
  eden space 262144K, 0% used [0x000000076ab00000,0x000000076ab00000,0x000000077ab00000)
  from space 28160K, 0% used [0x000000077cb80000,0x000000077cb80000,0x000000077e700000)
  to   space 30720K, 0% used [0x000000077ab00000,0x000000077ab00000,0x000000077c900000)
 ParOldGen       total 114688K, used 14540K [0x00000006c0000000, 0x00000006c7000000, 0x000000076ab00000)
  object space 114688K, 12% used [0x00000006c0000000,0x00000006c0e33268,0x00000006c7000000)
 Metaspace       used 20783K, capacity 21016K, committed 21296K, reserved 1067008K
  class space    used 3324K, capacity 3414K, committed 3456K, reserved 1048576K
}
Event: 8.350 GC heap before
{Heap before GC invocations=8 (full 1):
 PSYoungGen      total 290304K, used 105167K [0x000000076ab00000, 0x000000077e700000, 0x00000007c0000000)
  eden space 262144K, 40% used [0x000000076ab00000,0x00000007711b3ec8,0x000000077ab00000)
  from space 28160K, 0% used [0x000000077cb80000,0x000000077cb80000,0x000000077e700000)
  to   space 30720K, 0% used [0x000000077ab00000,0x000000077ab00000,0x000000077c900000)
 ParOldGen       total 114688K, used 14540K [0x00000006c0000000, 0x00000006c7000000, 0x000000076ab00000)
  object space 114688K, 12% used [0x00000006c0000000,0x00000006c0e33268,0x00000006c7000000)
 Metaspace       used 34668K, capacity 35149K, committed 35456K, reserved 1079296K
  class space    used 5302K, capacity 5471K, committed 5504K, reserved 1048576K
Event: 8.363 GC heap after
Heap after GC invocations=8 (full 1):
 PSYoungGen      total 292864K, used 12045K [0x000000076ab00000, 0x000000078a080000, 0x00000007c0000000)
  eden space 262144K, 0% used [0x000000076ab00000,0x000000076ab00000,0x000000077ab00000)
  from space 30720K, 39% used [0x000000077ab00000,0x000000077b6c3650,0x000000077c900000)
  to   space 29696K, 0% used [0x0000000788380000,0x0000000788380000,0x000000078a080000)
 ParOldGen       total 114688K, used 14548K [0x00000006c0000000, 0x00000006c7000000, 0x000000076ab00000)
  object space 114688K, 12% used [0x00000006c0000000,0x00000006c0e35268,0x00000006c7000000)
 Metaspace       used 34668K, capacity 35149K, committed 35456K, reserved 1079296K
  class space    used 5302K, capacity 5471K, committed 5504K, reserved 1048576K
}
Event: 8.363 GC heap before
{Heap before GC invocations=9 (full 2):
 PSYoungGen      total 292864K, used 12045K [0x000000076ab00000, 0x000000078a080000, 0x00000007c0000000)
  eden space 262144K, 0% used [0x000000076ab00000,0x000000076ab00000,0x000000077ab00000)
  from space 30720K, 39% used [0x000000077ab00000,0x000000077b6c3650,0x000000077c900000)
  to   space 29696K, 0% used [0x0000000788380000,0x0000000788380000,0x000000078a080000)
 ParOldGen       total 114688K, used 14548K [0x00000006c0000000, 0x00000006c7000000, 0x000000076ab00000)
  object space 114688K, 12% used [0x00000006c0000000,0x00000006c0e35268,0x00000006c7000000)
 Metaspace       used 34668K, capacity 35149K, committed 35456K, reserved 1079296K
  class space    used 5302K, capacity 5471K, committed 5504K, reserved 1048576K
Event: 8.411 GC heap after
Heap after GC invocations=9 (full 2):
 PSYoungGen      total 292864K, used 0K [0x000000076ab00000, 0x000000078a080000, 0x00000007c0000000)
  eden space 262144K, 0% used [0x000000076ab00000,0x000000076ab00000,0x000000077ab00000)
  from space 30720K, 0% used [0x000000077ab00000,0x000000077ab00000,0x000000077c900000)
  to   space 29696K, 0% used [0x0000000788380000,0x0000000788380000,0x000000078a080000)
 ParOldGen       total 150016K, used 22688K [0x00000006c0000000, 0x00000006c9280000, 0x000000076ab00000)
  object space 150016K, 15% used [0x00000006c0000000,0x00000006c1628228,0x00000006c9280000)
 Metaspace       used 34668K, capacity 35149K, committed 35456K, reserved 1079296K
  class space    used 5302K, capacity 5471K, committed 5504K, reserved 1048576K
}

