# JRE version: Java(TM) SE Runtime Environment (8.0_361) (build 1.8.0_361-b09)
# Java VM: Java HotSpot(TM) 64-Bit Server VM (25.361-b09 mixed mode bsd-amd64 compressed oops)
Heap:
 PSYoungGen      total 297984K, used 226581K [0x000000076ab00000, 0x000000078b480000, 0x00000007c0000000)
  eden space 262144K, 86% used [0x000000076ab00000,0x0000000778845578,0x000000077ab00000)
  from space 35840K, 0% used [0x000000077ab00000,0x000000077ab00000,0x000000077ce00000)
  to   space 34816K, 0% used [0x0000000789280000,0x0000000789280000,0x000000078b480000)
 ParOldGen       total 154112K, used 21671K [0x00000006c0000000, 0x00000006c9680000, 0x000000076ab00000)
  object space 154112K, 14% used [0x00000006c0000000,0x00000006c1529f28,0x00000006c9680000)
 Metaspace       used 50103K, capacity 51201K, committed 51584K, reserved 1093632K
  class space    used 7491K, capacity 7744K, committed 7808K, reserved 1048576K
GC Heap History (10 events):
Event: 4.217 GC heap before
{Heap before GC invocations=5 (full 0):
 PSYoungGen      total 141824K, used 141792K [0x000000076ab00000, 0x0000000774000000, 0x00000007c0000000)
  eden space 131072K, 100% used [0x000000076ab00000,0x0000000772b00000,0x0000000772b00000)
  from space 10752K, 99% used [0x0000000773580000,0x0000000773ff80f8,0x0000000774000000)
  to   space 10752K, 0% used [0x0000000772b00000,0x0000000772b00000,0x0000000773580000)
 ParOldGen       total 175104K, used 12080K [0x00000006c0000000, 0x00000006cab00000, 0x000000076ab00000)
  object space 175104K, 6% used [0x00000006c0000000,0x00000006c0bcc078,0x00000006cab00000)
 Metaspace       used 12784K, capacity 12948K, committed 13312K, reserved 1060864K
  class space    used 1641K, capacity 1706K, committed 1792K, reserved 1048576K
Event: 4.270 GC heap after
Heap after GC invocations=5 (full 0):
 PSYoungGen      total 141824K, used 10736K [0x000000076ab00000, 0x000000077f700000, 0x00000007c0000000)
  eden space 131072K, 0% used [0x000000076ab00000,0x000000076ab00000,0x0000000772b00000)
  from space 10752K, 99% used [0x0000000772b00000,0x000000077357c108,0x0000000773580000)
  to   space 38912K, 0% used [0x000000077d100000,0x000000077d100000,0x000000077f700000)
 ParOldGen       total 175104K, used 42486K [0x00000006c0000000, 0x00000006cab00000, 0x000000076ab00000)
  object space 175104K, 24% used [0x00000006c0000000,0x00000006c297db70,0x00000006cab00000)
 Metaspace       used 12784K, capacity 12948K, committed 13312K, reserved 1060864K
  class space    used 1641K, capacity 1706K, committed 1792K, reserved 1048576K
}
Event: 4.922 GC heap before
{Heap before GC invocations=6 (full 0):
 PSYoungGen      total 141824K, used 123862K [0x000000076ab00000, 0x000000077f700000, 0x00000007c0000000)
  eden space 131072K, 86% used [0x000000076ab00000,0x0000000771979720,0x0000000772b00000)
  from space 10752K, 99% used [0x0000000772b00000,0x000000077357c108,0x0000000773580000)
  to   space 38912K, 0% used [0x000000077d100000,0x000000077d100000,0x000000077f700000)
 ParOldGen       total 175104K, used 42486K [0x00000006c0000000, 0x00000006cab00000, 0x000000076ab00000)
  object space 175104K, 24% used [0x00000006c0000000,0x00000006c297db70,0x00000006cab00000)
 Metaspace       used 20791K, capacity 21016K, committed 21296K, reserved 1067008K
  class space    used 3330K, capacity 3414K, committed 3456K, reserved 1048576K
Event: 4.942 GC heap after
Heap after GC invocations=6 (full 0):
 PSYoungGen      total 294912K, used 16152K [0x000000076ab00000, 0x000000077f100000, 0x00000007c0000000)
  eden space 262144K, 0% used [0x000000076ab00000,0x000000076ab00000,0x000000077ab00000)
  from space 32768K, 49% used [0x000000077d100000,0x000000077e0c6080,0x000000077f100000)
  to   space 35840K, 0% used [0x000000077ab00000,0x000000077ab00000,0x000000077ce00000)
 ParOldGen       total 175104K, used 42494K [0x00000006c0000000, 0x00000006cab00000, 0x000000076ab00000)
  object space 175104K, 24% used [0x00000006c0000000,0x00000006c297fb70,0x00000006cab00000)
 Metaspace       used 20791K, capacity 21016K, committed 21296K, reserved 1067008K
  class space    used 3330K, capacity 3414K, committed 3456K, reserved 1048576K
}
Event: 4.942 GC heap before
{Heap before GC invocations=7 (full 1):
 PSYoungGen      total 294912K, used 16152K [0x000000076ab00000, 0x000000077f100000, 0x00000007c0000000)
  eden space 262144K, 0% used [0x000000076ab00000,0x000000076ab00000,0x000000077ab00000)
  from space 32768K, 49% used [0x000000077d100000,0x000000077e0c6080,0x000000077f100000)
  to   space 35840K, 0% used [0x000000077ab00000,0x000000077ab00000,0x000000077ce00000)
 ParOldGen       total 175104K, used 42494K [0x00000006c0000000, 0x00000006cab00000, 0x000000076ab00000)
  object space 175104K, 24% used [0x00000006c0000000,0x00000006c297fb70,0x00000006cab00000)
 Metaspace       used 20791K, capacity 21016K, committed 21296K, reserved 1067008K
  class space    used 3330K, capacity 3414K, committed 3456K, reserved 1048576K
Event: 4.990 GC heap after
Heap after GC invocations=7 (full 1):
 PSYoungGen      total 294912K, used 0K [0x000000076ab00000, 0x000000077f100000, 0x00000007c0000000)
  eden space 262144K, 0% used [0x000000076ab00000,0x000000076ab00000,0x000000077ab00000)
  from space 32768K, 0% used [0x000000077d100000,0x000000077d100000,0x000000077f100000)
  to   space 35840K, 0% used [0x000000077ab00000,0x000000077ab00000,0x000000077ce00000)
 ParOldGen       total 121856K, used 18500K [0x00000006c0000000, 0x00000006c7700000, 0x000000076ab00000)
  object space 121856K, 15% used [0x00000006c0000000,0x00000006c1211178,0x00000006c7700000)
 Metaspace       used 20791K, capacity 21016K, committed 21296K, reserved 1067008K
  class space    used 3330K, capacity 3414K, committed 3456K, reserved 1048576K
}
Event: 6.911 GC heap before
{Heap before GC invocations=8 (full 1):
 PSYoungGen      total 294912K, used 92679K [0x000000076ab00000, 0x000000077f100000, 0x00000007c0000000)
  eden space 262144K, 35% used [0x000000076ab00000,0x0000000770581c30,0x000000077ab00000)
  from space 32768K, 0% used [0x000000077d100000,0x000000077d100000,0x000000077f100000)
  to   space 35840K, 0% used [0x000000077ab00000,0x000000077ab00000,0x000000077ce00000)
 ParOldGen       total 121856K, used 18500K [0x00000006c0000000, 0x00000006c7700000, 0x000000076ab00000)
  object space 121856K, 15% used [0x00000006c0000000,0x00000006c1211178,0x00000006c7700000)
 Metaspace       used 34652K, capacity 35143K, committed 35456K, reserved 1079296K
  class space    used 5307K, capacity 5470K, committed 5504K, reserved 1048576K
Event: 6.920 GC heap after
Heap after GC invocations=8 (full 1):
 PSYoungGen      total 297984K, used 11166K [0x000000076ab00000, 0x000000078b480000, 0x00000007c0000000)
  eden space 262144K, 0% used [0x000000076ab00000,0x000000076ab00000,0x000000077ab00000)
  from space 35840K, 31% used [0x000000077ab00000,0x000000077b5e7af8,0x000000077ce00000)
  to   space 34816K, 0% used [0x0000000789280000,0x0000000789280000,0x000000078b480000)
 ParOldGen       total 121856K, used 18508K [0x00000006c0000000, 0x00000006c7700000, 0x000000076ab00000)
  object space 121856K, 15% used [0x00000006c0000000,0x00000006c1213178,0x00000006c7700000)
 Metaspace       used 34652K, capacity 35143K, committed 35456K, reserved 1079296K
  class space    used 5307K, capacity 5470K, committed 5504K, reserved 1048576K
}
Event: 6.920 GC heap before
{Heap before GC invocations=9 (full 2):
 PSYoungGen      total 297984K, used 11166K [0x000000076ab00000, 0x000000078b480000, 0x00000007c0000000)
  eden space 262144K, 0% used [0x000000076ab00000,0x000000076ab00000,0x000000077ab00000)
  from space 35840K, 31% used [0x000000077ab00000,0x000000077b5e7af8,0x000000077ce00000)
  to   space 34816K, 0% used [0x0000000789280000,0x0000000789280000,0x000000078b480000)
 ParOldGen       total 121856K, used 18508K [0x00000006c0000000, 0x00000006c7700000, 0x000000076ab00000)
  object space 121856K, 15% used [0x00000006c0000000,0x00000006c1213178,0x00000006c7700000)
 Metaspace       used 34652K, capacity 35143K, committed 35456K, reserved 1079296K
  class space    used 5307K, capacity 5470K, committed 5504K, reserved 1048576K
Event: 6.981 GC heap after
Heap after GC invocations=9 (full 2):
 PSYoungGen      total 297984K, used 0K [0x000000076ab00000, 0x000000078b480000, 0x00000007c0000000)
  eden space 262144K, 0% used [0x000000076ab00000,0x000000076ab00000,0x000000077ab00000)
  from space 35840K, 0% used [0x000000077ab00000,0x000000077ab00000,0x000000077ce00000)
  to   space 34816K, 0% used [0x0000000789280000,0x0000000789280000,0x000000078b480000)
 ParOldGen       total 154112K, used 21671K [0x00000006c0000000, 0x00000006c9680000, 0x000000076ab00000)
  object space 154112K, 14% used [0x00000006c0000000,0x00000006c1529f28,0x00000006c9680000)
 Metaspace       used 34652K, capacity 35143K, committed 35456K, reserved 1079296K
  class space    used 5307K, capacity 5470K, committed 5504K, reserved 1048576K
}

