# JRE version: OpenJDK Runtime Environment (8.0_312-b07) (build 1.8.0_312-b07)
# Java VM: OpenJDK 64-Bit Server VM (25.312-b07 mixed mode bsd-amd64 compressed oops)
Heap:
 PSYoungGen      total 724992K, used 260665K [0x000000076ab00000, 0x000000079f780000, 0x00000007c0000000)
  eden space 688128K, 32% used [0x000000076ab00000,0x00000007785940e0,0x0000000794b00000)
  from space 36864K, 99% used [0x0000000799680000,0x000000079ba7a398,0x000000079ba80000)
  to   space 77312K, 0% used [0x0000000794b00000,0x0000000794b00000,0x0000000799680000)
 ParOldGen       total 194048K, used 130237K [0x00000006c0000000, 0x00000006cbd80000, 0x000000076ab00000)
  object space 194048K, 67% used [0x00000006c0000000,0x00000006c7f2f5c8,0x00000006cbd80000)
 Metaspace       used 90112K, capacity 92924K, committed 93184K, reserved 1128448K
  class space    used 13479K, capacity 13973K, committed 14080K, reserved 1048576K
GC Heap History (10 events):
Event: 12.096 GC heap before
{Heap before GC invocations=11 (full 2):
 PSYoungGen      total 443904K, used 443881K [0x000000076ab00000, 0x0000000789900000, 0x00000007c0000000)
  eden space 414208K, 100% used [0x000000076ab00000,0x0000000783f80000,0x0000000783f80000)
  from space 29696K, 99% used [0x0000000787c00000,0x00000007898fa500,0x0000000789900000)
  to   space 37888K, 0% used [0x0000000784f00000,0x0000000784f00000,0x0000000787400000)
 ParOldGen       total 157184K, used 31656K [0x00000006c0000000, 0x00000006c9980000, 0x000000076ab00000)
  object space 157184K, 20% used [0x00000006c0000000,0x00000006c1eea378,0x00000006c9980000)
 Metaspace       used 56194K, capacity 57793K, committed 57856K, reserved 1097728K
  class space    used 8611K, capacity 8913K, committed 8960K, reserved 1048576K
Event: 12.115 GC heap after
Heap after GC invocations=11 (full 2):
 PSYoungGen      total 467968K, used 16098K [0x000000076ab00000, 0x0000000790700000, 0x00000007c0000000)
  eden space 430080K, 0% used [0x000000076ab00000,0x000000076ab00000,0x0000000784f00000)
  from space 37888K, 42% used [0x0000000784f00000,0x0000000785eb8ab8,0x0000000787400000)
  to   space 36352K, 0% used [0x000000078e380000,0x000000078e380000,0x0000000790700000)
 ParOldGen       total 157184K, used 31672K [0x00000006c0000000, 0x00000006c9980000, 0x000000076ab00000)
  object space 157184K, 20% used [0x00000006c0000000,0x00000006c1eee378,0x00000006c9980000)
 Metaspace       used 56194K, capacity 57793K, committed 57856K, reserved 1097728K
  class space    used 8611K, capacity 8913K, committed 8960K, reserved 1048576K
}
Event: 12.246 GC heap before
{Heap before GC invocations=12 (full 2):
 PSYoungGen      total 467968K, used 39121K [0x000000076ab00000, 0x0000000790700000, 0x00000007c0000000)
  eden space 430080K, 5% used [0x000000076ab00000,0x000000076c17bb00,0x0000000784f00000)
  from space 37888K, 42% used [0x0000000784f00000,0x0000000785eb8ab8,0x0000000787400000)
  to   space 36352K, 0% used [0x000000078e380000,0x000000078e380000,0x0000000790700000)
 ParOldGen       total 157184K, used 31672K [0x00000006c0000000, 0x00000006c9980000, 0x000000076ab00000)
  object space 157184K, 20% used [0x00000006c0000000,0x00000006c1eee378,0x00000006c9980000)
 Metaspace       used 57373K, capacity 59057K, committed 59096K, reserved 1099776K
  class space    used 8847K, capacity 9191K, committed 9216K, reserved 1048576K
Event: 12.260 GC heap after
Heap after GC invocations=12 (full 2):
 PSYoungGen      total 582656K, used 10595K [0x000000076ab00000, 0x0000000794080000, 0x00000007c0000000)
  eden space 546304K, 0% used [0x000000076ab00000,0x000000076ab00000,0x000000078c080000)
  from space 36352K, 29% used [0x000000078e380000,0x000000078edd8c00,0x0000000790700000)
  to   space 35840K, 0% used [0x000000078c080000,0x000000078c080000,0x000000078e380000)
 ParOldGen       total 157184K, used 35826K [0x00000006c0000000, 0x00000006c9980000, 0x000000076ab00000)
  object space 157184K, 22% used [0x00000006c0000000,0x00000006c22fcb98,0x00000006c9980000)
 Metaspace       used 57373K, capacity 59057K, committed 59096K, reserved 1099776K
  class space    used 8847K, capacity 9191K, committed 9216K, reserved 1048576K
}
Event: 12.260 GC heap before
{Heap before GC invocations=13 (full 3):
 PSYoungGen      total 582656K, used 10595K [0x000000076ab00000, 0x0000000794080000, 0x00000007c0000000)
  eden space 546304K, 0% used [0x000000076ab00000,0x000000076ab00000,0x000000078c080000)
  from space 36352K, 29% used [0x000000078e380000,0x000000078edd8c00,0x0000000790700000)
  to   space 35840K, 0% used [0x000000078c080000,0x000000078c080000,0x000000078e380000)
 ParOldGen       total 157184K, used 35826K [0x00000006c0000000, 0x00000006c9980000, 0x000000076ab00000)
  object space 157184K, 22% used [0x00000006c0000000,0x00000006c22fcb98,0x00000006c9980000)
 Metaspace       used 57373K, capacity 59057K, committed 59096K, reserved 1099776K
  class space    used 8847K, capacity 9191K, committed 9216K, reserved 1048576K
Event: 12.441 GC heap after
Heap after GC invocations=13 (full 3):
 PSYoungGen      total 582656K, used 0K [0x000000076ab00000, 0x0000000794080000, 0x00000007c0000000)
  eden space 546304K, 0% used [0x000000076ab00000,0x000000076ab00000,0x000000078c080000)
  from space 36352K, 0% used [0x000000078e380000,0x000000078e380000,0x0000000790700000)
  to   space 35840K, 0% used [0x000000078c080000,0x000000078c080000,0x000000078e380000)
 ParOldGen       total 194048K, used 35160K [0x00000006c0000000, 0x00000006cbd80000, 0x000000076ab00000)
  object space 194048K, 18% used [0x00000006c0000000,0x00000006c2256288,0x00000006cbd80000)
 Metaspace       used 57369K, capacity 59051K, committed 59096K, reserved 1099776K
  class space    used 8847K, capacity 9190K, committed 9216K, reserved 1048576K
}
Event: 17.182 GC heap before
{Heap before GC invocations=14 (full 3):
 PSYoungGen      total 582656K, used 546304K [0x000000076ab00000, 0x0000000794080000, 0x00000007c0000000)
  eden space 546304K, 100% used [0x000000076ab00000,0x000000078c080000,0x000000078c080000)
  from space 36352K, 0% used [0x000000078e380000,0x000000078e380000,0x0000000790700000)
  to   space 35840K, 0% used [0x000000078c080000,0x000000078c080000,0x000000078e380000)
 ParOldGen       total 194048K, used 35160K [0x00000006c0000000, 0x00000006cbd80000, 0x000000076ab00000)
  object space 194048K, 18% used [0x00000006c0000000,0x00000006c2256288,0x00000006cbd80000)
 Metaspace       used 76794K, capacity 79220K, committed 79488K, reserved 1116160K
  class space    used 12178K, capacity 12609K, committed 12672K, reserved 1048576K
Event: 17.204 GC heap after
Heap after GC invocations=14 (full 3):
 PSYoungGen      total 582144K, used 25475K [0x000000076ab00000, 0x000000079ba80000, 0x00000007c0000000)
  eden space 546304K, 0% used [0x000000076ab00000,0x000000076ab00000,0x000000078c080000)
  from space 35840K, 71% used [0x000000078c080000,0x000000078d960e20,0x000000078e380000)
  to   space 36864K, 0% used [0x0000000799680000,0x0000000799680000,0x000000079ba80000)
 ParOldGen       total 194048K, used 35238K [0x00000006c0000000, 0x00000006cbd80000, 0x000000076ab00000)
  object space 194048K, 18% used [0x00000006c0000000,0x00000006c2269930,0x00000006cbd80000)
 Metaspace       used 76794K, capacity 79220K, committed 79488K, reserved 1116160K
  class space    used 12178K, capacity 12609K, committed 12672K, reserved 1048576K
}
Event: 24.869 GC heap before
{Heap before GC invocations=15 (full 3):
 PSYoungGen      total 582144K, used 571779K [0x000000076ab00000, 0x000000079ba80000, 0x00000007c0000000)
  eden space 546304K, 100% used [0x000000076ab00000,0x000000078c080000,0x000000078c080000)
  from space 35840K, 71% used [0x000000078c080000,0x000000078d960e20,0x000000078e380000)
  to   space 36864K, 0% used [0x0000000799680000,0x0000000799680000,0x000000079ba80000)
 ParOldGen       total 194048K, used 35238K [0x00000006c0000000, 0x00000006cbd80000, 0x000000076ab00000)
  object space 194048K, 18% used [0x00000006c0000000,0x00000006c2269930,0x00000006cbd80000)
 Metaspace       used 83789K, capacity 86404K, committed 86784K, reserved 1122304K
  class space    used 12987K, capacity 13465K, committed 13568K, reserved 1048576K
Event: 24.911 GC heap after
Heap after GC invocations=15 (full 3):
 PSYoungGen      total 724992K, used 36840K [0x000000076ab00000, 0x000000079f780000, 0x00000007c0000000)
  eden space 688128K, 0% used [0x000000076ab00000,0x000000076ab00000,0x0000000794b00000)
  from space 36864K, 99% used [0x0000000799680000,0x000000079ba7a398,0x000000079ba80000)
  to   space 77312K, 0% used [0x0000000794b00000,0x0000000794b00000,0x0000000799680000)
 ParOldGen       total 194048K, used 130237K [0x00000006c0000000, 0x00000006cbd80000, 0x000000076ab00000)
  object space 194048K, 67% used [0x00000006c0000000,0x00000006c7f2f5c8,0x00000006cbd80000)
 Metaspace       used 83789K, capacity 86404K, committed 86784K, reserved 1122304K
  class space    used 12987K, capacity 13465K, committed 13568K, reserved 1048576K
}

